<?xml version="1.0" encoding="UTF-8"?>
<testsuite name="HangmanTest" tests="14" skipped="0" failures="0" errors="0" timestamp="2016-09-08T18:36:18" hostname="epicodus-25.local" time="0.004">
  <properties/>
  <testcase name="getProgress_progressUpdatedOnRightGuess_StringArray" classname="HangmanTest" time="0.002"/>
  <testcase name="endTurn_returns1toWin_int" classname="HangmanTest" time="0.001"/>
  <testcase name="getGameEndCounter_incrementsOnAlreadyGuessed_int" classname="HangmanTest" time="0.0"/>
  <testcase name="guess_guessSingleLetterNotAlreadyGuessedInAnswer_boolean" classname="HangmanTest" time="0.0"/>
  <testcase name="getGameEndCounter_incrementsOnWrongGuess_int" classname="HangmanTest" time="0.0"/>
  <testcase name="endTurn_returns0toContinue_int" classname="HangmanTest" time="0.0"/>
  <testcase name="guess_guessSingleLetterNotAlreadyGuessedNotInAnswer_boolean" classname="HangmanTest" time="0.0"/>
  <testcase name="getGameEndCounter_returnsGameEndCounter_int" classname="HangmanTest" time="0.0"/>
  <testcase name="isGuessed_firstGuessReturnFalse_boolean" classname="HangmanTest" time="0.0"/>
  <testcase name="newHangman_instantiatesCorrectly" classname="HangmanTest" time="0.0"/>
  <testcase name="getAnswer_returnsAnswer_String" classname="HangmanTest" time="0.0"/>
  <testcase name="getProgress_returnsProgress_StringArray" classname="HangmanTest" time="0.0"/>
  <testcase name="isGuessed_guessSingleLetterAlreadyGuessed_boolean" classname="HangmanTest" time="0.0"/>
  <testcase name="endTurn_returnsNeg1toWin_int" classname="HangmanTest" time="0.0"/>
  <system-out><![CDATA[]]></system-out>
  <system-err><![CDATA[]]></system-err>
</testsuite>
